<?xml version="1.0" encoding="UTF-8"?>
<!-- Generated by org.testng.reporters.JUnitXMLReporter -->
<testsuite ignored="0" hostname="Bhaskar" failures="1" tests="9" name="Test" time="182.072" errors="0" timestamp="2024-11-09T21:25:46 IST">
  <testcase classname="Tests.HomePageTest" name="closeInfoModelPopupTest" time="25.098">
    <failure type="org.openqa.selenium.TimeoutException" message="Expected condition failed: waiting for visibility of [[ChromeDriver: chrome on windows (3dae0024903409973b02a46e74fab407)] -&amp;gt; xpath: //div[@id=&amp;quot;modal_neostoxinfo&amp;quot;]//a] (tried for 25 second(s) with 500 milliseconds interval)
Build info: version: &amp;apos;4.23.1&amp;apos;, revision: &amp;apos;656257d8e9&amp;apos;
System info: os.name: &amp;apos;Windows 11&amp;apos;, os.arch: &amp;apos;amd64&amp;apos;, os.version: &amp;apos;10.0&amp;apos;, java.version: &amp;apos;22.0.2&amp;apos;
Driver info: org.openqa.selenium.chrome.ChromeDriver
Capabilities {acceptInsecureCerts: false, browserName: chrome, browserVersion: 130.0.6723.117, chrome: {chromedriverVersion: 130.0.6723.116 (6ac35f94ae3..., userDataDir: C:\Users\ybhas\AppData\Loca...}, fedcm:accounts: true, goog:chromeOptions: {debuggerAddress: localhost:53966}, networkConnectionEnabled: false, pageLoadStrategy: normal, platformName: windows, proxy: Proxy(), se:cdp: ws://localhost:53966/devtoo..., se:cdpVersion: 130.0.6723.117, setWindowRect: true, strictFileInteractability: false, timeouts: {implicit: 0, pageLoad: 300000, script: 30000}, unhandledPromptBehavior: dismiss and notify, webauthn:extension:credBlob: true, webauthn:extension:largeBlob: true, webauthn:extension:minPinLength: true, webauthn:extension:prf: true, webauthn:virtualAuthenticators: true}
Session ID: 3dae0024903409973b02a46e74fab407">
      <![CDATA[org.openqa.selenium.TimeoutException: Expected condition failed: waiting for visibility of [[ChromeDriver: chrome on windows (3dae0024903409973b02a46e74fab407)] -> xpath: //div[@id="modal_neostoxinfo"]//a] (tried for 25 second(s) with 500 milliseconds interval)
Build info: version: '4.23.1', revision: '656257d8e9'
System info: os.name: 'Windows 11', os.arch: 'amd64', os.version: '10.0', java.version: '22.0.2'
Driver info: org.openqa.selenium.chrome.ChromeDriver
Capabilities {acceptInsecureCerts: false, browserName: chrome, browserVersion: 130.0.6723.117, chrome: {chromedriverVersion: 130.0.6723.116 (6ac35f94ae3..., userDataDir: C:\Users\ybhas\AppData\Loca...}, fedcm:accounts: true, goog:chromeOptions: {debuggerAddress: localhost:53966}, networkConnectionEnabled: false, pageLoadStrategy: normal, platformName: windows, proxy: Proxy(), se:cdp: ws://localhost:53966/devtoo..., se:cdpVersion: 130.0.6723.117, setWindowRect: true, strictFileInteractability: false, timeouts: {implicit: 0, pageLoad: 300000, script: 30000}, unhandledPromptBehavior: dismiss and notify, webauthn:extension:credBlob: true, webauthn:extension:largeBlob: true, webauthn:extension:minPinLength: true, webauthn:extension:prf: true, webauthn:virtualAuthenticators: true}
Session ID: 3dae0024903409973b02a46e74fab407
at org.openqa.selenium.support.ui.WebDriverWait.timeoutException(WebDriverWait.java:84)
at org.openqa.selenium.support.ui.FluentWait.until(FluentWait.java:228)
at Hooks.Hooks.explicitlyWaitFor(Hooks.java:22)
at Pages.HomePage.handelModelPopup(HomePage.java:153)
at Tests.HomePageTest.closeInfoModelPopupTest(HomePageTest.java:66)
at java.base/java.util.concurrent.Executors$RunnableAdapter.call(Executors.java:572)
at java.base/java.util.concurrent.FutureTask.run(FutureTask.java:317)
at java.base/java.util.concurrent.ThreadPoolExecutor.runWorker(ThreadPoolExecutor.java:1144)
at java.base/java.util.concurrent.ThreadPoolExecutor$Worker.run(ThreadPoolExecutor.java:642)
at java.base/java.lang.Thread.run(Thread.java:1570)
... Removed 11 stack frames]]>
    </failure>
  </testcase> <!-- closeInfoModelPopupTest -->
  <testcase classname="Tests.HomePageTest" name="placeEquityOrderTest" time="8.27"/>
  <testcase classname="Tests.HomePageTest" name="placeEquityOrderTest" time="5.188"/>
  <testcase classname="Tests.HomePageTest" name="placeEquityOrderTest" time="4.916"/>
  <testcase classname="Tests.HomePageTest" name="placeEquityOrderTest" time="4.865"/>
  <testcase classname="Tests.HomePageTest" name="placeEquityOrderTest" time="4.51"/>
  <testcase classname="Tests.HomePageTest" name="validateHomePageHeaderTest" time="11.358"/>
  <testcase classname="Tests.HomePageTest" name="validateHomepageTitleTest" time="3.598"/>
  <testcase classname="Tests.HomePageTest" name="validateNavigationMenuTest" time="31.882"/>
</testsuite> <!-- Test -->
