<?xml version="1.0" encoding="UTF-8"?>
<!-- Generated by org.testng.reporters.JUnitXMLReporter -->
<testsuite ignored="0" hostname="Bhaskar" failures="0" tests="6" name="Test" time="14.026" errors="0" timestamp="2025-02-20T10:00:08 IST">
  <testcase classname="Tests.HomePageTest" name="@BeforeMethod setUP" time="10.906">
    <failure type="org.openqa.selenium.StaleElementReferenceException" message="stale element reference: stale element not found
  (Session info: chrome=133.0.6943.100)
For documentation on this error, please visit: https://www.selenium.dev/documentation/webdriver/troubleshooting/errors#stale-element-reference-exception
Build info: version: &amp;apos;4.23.1&amp;apos;, revision: &amp;apos;656257d8e9&amp;apos;
System info: os.name: &amp;apos;Windows 11&amp;apos;, os.arch: &amp;apos;amd64&amp;apos;, os.version: &amp;apos;10.0&amp;apos;, java.version: &amp;apos;22.0.2&amp;apos;
Driver info: org.openqa.selenium.chrome.ChromeDriver
Command: [6a18e7a84bf9672bb1a9878cc72f6d5c, clickElement {id=f.3CB310E158B225F95F61F956288CBB81.d.5CDBA317962CC16F2119CC8836E41304.e.64}]
Capabilities {acceptInsecureCerts: false, browserName: chrome, browserVersion: 133.0.6943.100, chrome: {chromedriverVersion: 133.0.6943.126 (cffa127ce7b..., userDataDir: C:\Users\ybhas\AppData\Loca...}, fedcm:accounts: true, goog:chromeOptions: {debuggerAddress: localhost:59355}, networkConnectionEnabled: false, pageLoadStrategy: normal, platformName: windows, proxy: Proxy(), se:cdp: ws://localhost:59355/devtoo..., se:cdpVersion: 133.0.6943.100, setWindowRect: true, strictFileInteractability: false, timeouts: {implicit: 0, pageLoad: 300000, script: 30000}, unhandledPromptBehavior: dismiss and notify, webauthn:extension:credBlob: true, webauthn:extension:largeBlob: true, webauthn:extension:minPinLength: true, webauthn:extension:prf: true, webauthn:virtualAuthenticators: true}
Element: [[ChromeDriver: chrome on windows (6a18e7a84bf9672bb1a9878cc72f6d5c)] -&amp;gt; xpath: //a[text()= &amp;apos;Sign In&amp;apos;]]
Session ID: 6a18e7a84bf9672bb1a9878cc72f6d5c">
      <![CDATA[org.openqa.selenium.StaleElementReferenceException: stale element reference: stale element not found
  (Session info: chrome=133.0.6943.100)
For documentation on this error, please visit: https://www.selenium.dev/documentation/webdriver/troubleshooting/errors#stale-element-reference-exception
Build info: version: '4.23.1', revision: '656257d8e9'
System info: os.name: 'Windows 11', os.arch: 'amd64', os.version: '10.0', java.version: '22.0.2'
Driver info: org.openqa.selenium.chrome.ChromeDriver
Command: [6a18e7a84bf9672bb1a9878cc72f6d5c, clickElement {id=f.3CB310E158B225F95F61F956288CBB81.d.5CDBA317962CC16F2119CC8836E41304.e.64}]
Capabilities {acceptInsecureCerts: false, browserName: chrome, browserVersion: 133.0.6943.100, chrome: {chromedriverVersion: 133.0.6943.126 (cffa127ce7b..., userDataDir: C:\Users\ybhas\AppData\Loca...}, fedcm:accounts: true, goog:chromeOptions: {debuggerAddress: localhost:59355}, networkConnectionEnabled: false, pageLoadStrategy: normal, platformName: windows, proxy: Proxy(), se:cdp: ws://localhost:59355/devtoo..., se:cdpVersion: 133.0.6943.100, setWindowRect: true, strictFileInteractability: false, timeouts: {implicit: 0, pageLoad: 300000, script: 30000}, unhandledPromptBehavior: dismiss and notify, webauthn:extension:credBlob: true, webauthn:extension:largeBlob: true, webauthn:extension:minPinLength: true, webauthn:extension:prf: true, webauthn:virtualAuthenticators: true}
Element: [[ChromeDriver: chrome on windows (6a18e7a84bf9672bb1a9878cc72f6d5c)] -> xpath: //a[text()= 'Sign In']]
Session ID: 6a18e7a84bf9672bb1a9878cc72f6d5c
at org.openqa.selenium.remote.ErrorCodec.decode(ErrorCodec.java:167)
at org.openqa.selenium.remote.codec.w3c.W3CHttpResponseCodec.decode(W3CHttpResponseCodec.java:138)
at org.openqa.selenium.remote.codec.w3c.W3CHttpResponseCodec.decode(W3CHttpResponseCodec.java:50)
at org.openqa.selenium.remote.HttpCommandExecutor.execute(HttpCommandExecutor.java:190)
at org.openqa.selenium.remote.service.DriverCommandExecutor.invokeExecute(DriverCommandExecutor.java:216)
at org.openqa.selenium.remote.service.DriverCommandExecutor.execute(DriverCommandExecutor.java:174)
at org.openqa.selenium.remote.RemoteWebDriver.execute(RemoteWebDriver.java:545)
at org.openqa.selenium.remote.RemoteWebElement.execute(RemoteWebElement.java:223)
at org.openqa.selenium.remote.RemoteWebElement.click(RemoteWebElement.java:76)
at org.openqa.selenium.support.pagefactory.internal.LocatingElementHandler.invoke(LocatingElementHandler.java:51)
at jdk.proxy2/jdk.proxy2.$Proxy40.click(Unknown Source)
at Pages.LoginPage.loin(LoginPage.java:42)
at Tests.HomePageTest.setUP(HomePageTest.java:28)
at java.base/java.util.concurrent.Executors$RunnableAdapter.call(Executors.java:572)
at java.base/java.util.concurrent.FutureTask.run(FutureTask.java:317)
at java.base/java.util.concurrent.ThreadPoolExecutor.runWorker(ThreadPoolExecutor.java:1144)
at java.base/java.util.concurrent.ThreadPoolExecutor$Worker.run(ThreadPoolExecutor.java:642)
at java.base/java.lang.Thread.run(Thread.java:1570)
... Removed 20 stack frames]]>
    </failure>
  </testcase> <!-- @BeforeMethod setUP -->
  <testcase classname="Tests.HomePageTest" name="@AfterMethod tearDown" time="0.0">
    <skipped/>
  </testcase> <!-- @AfterMethod tearDown -->
  <testcase classname="Tests.HomePageTest" name="@BeforeMethod setUP" time="0.0">
    <skipped/>
  </testcase> <!-- @BeforeMethod setUP -->
  <testcase classname="Tests.HomePageTest" name="@AfterMethod tearDown" time="0.0">
    <skipped/>
  </testcase> <!-- @AfterMethod tearDown -->
  <testcase classname="Tests.HomePageTest" name="@BeforeMethod setUP" time="0.0">
    <skipped/>
  </testcase> <!-- @BeforeMethod setUP -->
  <testcase classname="Tests.HomePageTest" name="@AfterMethod tearDown" time="0.0">
    <skipped/>
  </testcase> <!-- @AfterMethod tearDown -->
  <testcase classname="Tests.HomePageTest" name="@BeforeMethod setUP" time="0.0">
    <skipped/>
  </testcase> <!-- @BeforeMethod setUP -->
  <testcase classname="Tests.HomePageTest" name="@AfterMethod tearDown" time="0.0">
    <skipped/>
  </testcase> <!-- @AfterMethod tearDown -->
  <testcase classname="Tests.HomePageTest" name="@BeforeMethod setUP" time="0.0">
    <skipped/>
  </testcase> <!-- @BeforeMethod setUP -->
  <testcase classname="Tests.HomePageTest" name="@AfterMethod tearDown" time="0.0">
    <skipped/>
  </testcase> <!-- @AfterMethod tearDown -->
  <testcase classname="Tests.HomePageTest" name="@AfterMethod tearDown" time="0.0">
    <skipped/>
  </testcase> <!-- @AfterMethod tearDown -->
  <testcase classname="Tests.HomePageTest" name="placeEquityOrderTest" time="0.0">
    <skipped/>
  </testcase> <!-- placeEquityOrderTest -->
  <testcase classname="Tests.HomePageTest" name="placeEquityOrderTest" time="0.0">
    <skipped/>
  </testcase> <!-- placeEquityOrderTest -->
  <testcase classname="Tests.HomePageTest" name="placeEquityOrderTest" time="0.0">
    <skipped/>
  </testcase> <!-- placeEquityOrderTest -->
  <testcase classname="Tests.HomePageTest" name="placeEquityOrderTest" time="0.0">
    <skipped/>
  </testcase> <!-- placeEquityOrderTest -->
  <testcase classname="Tests.HomePageTest" name="placeEquityOrderTest" time="0.0">
    <skipped/>
  </testcase> <!-- placeEquityOrderTest -->
  <testcase classname="Tests.HomePageTest" name="validateHomepageTitle" time="0.0">
    <skipped/>
  </testcase> <!-- validateHomepageTitle -->
</testsuite> <!-- Test -->
